빌드 시작: 2017-06-21 오후 7:37:09
     1>2 노드의 "C:\Users\hyunSo\Desktop\SelectiveVideoCompensator\SelectiveVideoCompensator\SelectiveVideoCompensator.vcxproj" 프로젝트(Rebuild 대상)입니다.
     1>ClCompile:
         C:\Program Files (x86)\Microsoft Visual Studio 11.0\VC\bin\CL.exe /c /IC:\openCV3\opencv\build\x64\vc11\..\..\include /I"C:\Program Files (x86)\Visual Leak Detector\include" /I"C:\Program Files (x86)\Visual Leak Detector\include" /ZI /nologo /W3 /WX- /sdl /Od /Oy- /D WIN32 /D _WINDOWS /D _DEBUG /D _UNICODE /D UNICODE /D _AFXDLL /Gm /EHsc /RTC1 /MDd /GS /fp:precise /Zc:wchar_t /Zc:forScope /Yc"stdafx.h" /Fp"Debug\SelectiveVideoCompensator.pch" /Fo"Debug\\" /Fd"Debug\vc110.pdb" /Gd /TP /analyze- /errorReport:prompt stdafx.cpp
         stdafx.cpp
         C:\Program Files (x86)\Microsoft Visual Studio 11.0\VC\bin\CL.exe /c /IC:\openCV3\opencv\build\x64\vc11\..\..\include /I"C:\Program Files (x86)\Visual Leak Detector\include" /I"C:\Program Files (x86)\Visual Leak Detector\include" /ZI /nologo /W3 /WX- /sdl /Od /Oy- /D WIN32 /D _WINDOWS /D _DEBUG /D _UNICODE /D UNICODE /D _AFXDLL /Gm /EHsc /RTC1 /MDd /GS /fp:precise /Zc:wchar_t /Zc:forScope /Yu"stdafx.h" /Fp"Debug\SelectiveVideoCompensator.pch" /Fo"Debug\\" /Fd"Debug\vc110.pdb" /Gd /TP /analyze- /errorReport:prompt SelectiveVideoCompensator.cpp SelectiveVideoCompensatorDlg.cpp
         SelectiveVideoCompensatorDlg.cpp
     1>c:\opencv3\opencv\build\include\opencv2\core\mat.hpp(1965): warning C4819: 현재 코드 페이지(949)에서 표시할 수 없는 문자가 파일에 들어 있습니다. 데이터가 손실되지 않게 하려면 해당 파일을 유니코드 형식으로 저장하십시오.
     1>c:\opencv3\opencv\build\include\opencv2\core\persistence.hpp : warning C4819: 현재 코드 페이지(949)에서 표시할 수 없는 문자가 파일에 들어 있습니다. 데이터가 손실되지 않게 하려면 해당 파일을 유니코드 형식으로 저장하십시오.
     1>c:\opencv3\opencv\build\include\opencv2\core\utility.hpp : warning C4819: 현재 코드 페이지(949)에서 표시할 수 없는 문자가 파일에 들어 있습니다. 데이터가 손실되지 않게 하려면 해당 파일을 유니코드 형식으로 저장하십시오.
     1>c:\users\hyunso\desktop\selectivevideocompensator\selectivevideocompensator\selectivevideocompensatordlg.cpp(606): warning C4244: '인수' : 'double'에서 'int'(으)로 변환하면서 데이터가 손실될 수 있습니다.
     1>c:\users\hyunso\desktop\selectivevideocompensator\selectivevideocompensator\selectivevideocompensatordlg.cpp(610): warning C4244: '인수' : 'double'에서 'int'(으)로 변환하면서 데이터가 손실될 수 있습니다.
     1>c:\users\hyunso\desktop\selectivevideocompensator\selectivevideocompensator\selectivevideocompensatordlg.cpp(614): warning C4244: '인수' : 'double'에서 'int'(으)로 변환하면서 데이터가 손실될 수 있습니다.
     1>c:\users\hyunso\desktop\selectivevideocompensator\selectivevideocompensator\selectivevideocompensatordlg.cpp(618): warning C4244: '인수' : 'double'에서 'int'(으)로 변환하면서 데이터가 손실될 수 있습니다.
     1>c:\users\hyunso\desktop\selectivevideocompensator\selectivevideocompensator\selectivevideocompensatordlg.cpp(622): warning C4244: '인수' : 'double'에서 'int'(으)로 변환하면서 데이터가 손실될 수 있습니다.
     1>c:\users\hyunso\desktop\selectivevideocompensator\selectivevideocompensator\selectivevideocompensatordlg.cpp(626): warning C4244: '인수' : 'double'에서 'int'(으)로 변환하면서 데이터가 손실될 수 있습니다.
         SelectiveVideoCompensator.cpp
     1>c:\opencv3\opencv\build\include\opencv2\core\mat.hpp(1965): warning C4819: 현재 코드 페이지(949)에서 표시할 수 없는 문자가 파일에 들어 있습니다. 데이터가 손실되지 않게 하려면 해당 파일을 유니코드 형식으로 저장하십시오.
     1>c:\opencv3\opencv\build\include\opencv2\core\persistence.hpp : warning C4819: 현재 코드 페이지(949)에서 표시할 수 없는 문자가 파일에 들어 있습니다. 데이터가 손실되지 않게 하려면 해당 파일을 유니코드 형식으로 저장하십시오.
     1>c:\opencv3\opencv\build\include\opencv2\core\utility.hpp : warning C4819: 현재 코드 페이지(949)에서 표시할 수 없는 문자가 파일에 들어 있습니다. 데이터가 손실되지 않게 하려면 해당 파일을 유니코드 형식으로 저장하십시오.
         코드를 생성하고 있습니다...
       ResourceCompile:
         C:\Program Files (x86)\Windows Kits\8.0\bin\x86\rc.exe /D _DEBUG /D _UNICODE /D UNICODE /D _AFXDLL /l"0x0412" /IDebug\ /nologo /fo"Debug\SelectiveVideoCompensator.res" SelectiveVideoCompensator.rc 
       Link:
         C:\Program Files (x86)\Microsoft Visual Studio 11.0\VC\bin\link.exe /ERRORREPORT:PROMPT /OUT:"C:\Users\hyunSo\Desktop\SelectiveVideoCompensator\Debug\SelectiveVideoCompensator.exe" /INCREMENTAL /NOLOGO /LIBPATH:C:\openCV3\opencv\build\x64\vc11\staticlib /LIBPATH:C:\openCV3\opencv\build\x64\vc11\lib /LIBPATH:"C:\Program Files (x86)\Visual Leak Detector\lib\Win32" /LIBPATH:"C:\Program Files (x86)\Visual Leak Detector\lib\Win32" opencv_world300d.lib opencv_ts300d.lib IlmImfd.lib libjasperd.lib libjpegd.lib libpngd.lib libtiffd.lib libwebpd.lib opencv_calib3d300d.lib opencv_core300d.lib opencv_features2d300d.lib opencv_flann300d.lib opencv_hal300d.lib opencv_highgui300d.lib opencv_imgcodecs300d.lib opencv_imgproc300d.lib opencv_ml300d.lib opencv_objdetect300d.lib opencv_photo300d.lib opencv_shape300d.lib opencv_stitching300d.lib opencv_superres300d.lib opencv_ts300d.lib opencv_video300d.lib opencv_videoio300d.lib opencv_videostab300d.lib zlibd.lib ippicvmt.lib /MANIFEST /MANIFESTUAC:"level='asInvoker' uiAccess='false'" /manifest:embed /manifestinput:"C:\Program Files (x86)\Microsoft Visual Studio 11.0\VC\Include\Manifest\dpiaware.manifest" /DEBUG /PDB:"C:\Users\hyunSo\Desktop\SelectiveVideoCompensator\Debug\SelectiveVideoCompensator.pdb" /SUBSYSTEM:WINDOWS /TLBID:1 /ENTRY:"wWinMainCRTStartup" /DYNAMICBASE /NXCOMPAT /IMPLIB:"C:\Users\hyunSo\Desktop\SelectiveVideoCompensator\Debug\SelectiveVideoCompensator.lib" /MACHINE:X86 Debug\SelectiveVideoCompensator.res
         Debug\SelectiveVideoCompensator.obj
         Debug\SelectiveVideoCompensatorDlg.obj
         Debug\stdafx.obj
     1>SelectiveVideoCompensator.obj : error LNK2019: "public: virtual __thiscall cv::VideoCapture::~VideoCapture(void)" (??1VideoCapture@cv@@UAE@XZ) 외부 기호(참조 위치: "public: virtual __thiscall CSelectiveVideoCompensatorDlg::~CSelectiveVideoCompensatorDlg(void)" (??1CSelectiveVideoCompensatorDlg@@UAE@XZ) 함수)에서 확인하지 못했습니다.
     1>SelectiveVideoCompensatorDlg.obj : error LNK2001: "public: virtual __thiscall cv::VideoCapture::~VideoCapture(void)" (??1VideoCapture@cv@@UAE@XZ) 외부 기호를 확인할 수 없습니다.
     1>SelectiveVideoCompensator.obj : error LNK2019: "public: virtual __thiscall cv::VideoWriter::~VideoWriter(void)" (??1VideoWriter@cv@@UAE@XZ) 외부 기호(참조 위치: "public: virtual __thiscall CSelectiveVideoCompensatorDlg::~CSelectiveVideoCompensatorDlg(void)" (??1CSelectiveVideoCompensatorDlg@@UAE@XZ) 함수)에서 확인하지 못했습니다.
     1>SelectiveVideoCompensatorDlg.obj : error LNK2001: "public: virtual __thiscall cv::VideoWriter::~VideoWriter(void)" (??1VideoWriter@cv@@UAE@XZ) 외부 기호를 확인할 수 없습니다.
     1>SelectiveVideoCompensatorDlg.obj : error LNK2019: "void __cdecl cv::fastFree(void *)" (?fastFree@cv@@YAXPAX@Z) 외부 기호(참조 위치: "public: __thiscall cv::Mat::~Mat(void)" (??1Mat@cv@@QAE@XZ) 함수)에서 확인하지 못했습니다.
     1>SelectiveVideoCompensatorDlg.obj : error LNK2019: "private: char * __thiscall cv::String::allocate(unsigned int)" (?allocate@String@cv@@AAEPADI@Z) 외부 기호(참조 위치: "public: __thiscall cv::String::String(class std::basic_string<char,struct std::char_traits<char>,class std::allocator<char> > const &)" (??0String@cv@@QAE@ABV?$basic_string@DU?$char_traits@D@std@@V?$allocator@D@2@@std@@@Z) 함수)에서 확인하지 못했습니다.
     1>SelectiveVideoCompensatorDlg.obj : error LNK2019: "private: void __thiscall cv::String::deallocate(void)" (?deallocate@String@cv@@AAEXXZ) 외부 기호(참조 위치: "public: __thiscall cv::String::~String(void)" (??1String@cv@@QAE@XZ) 함수)에서 확인하지 못했습니다.
     1>SelectiveVideoCompensatorDlg.obj : error LNK2019: "void __cdecl cv::error(int,class cv::String const &,char const *,char const *,int)" (?error@cv@@YAXHABVString@1@PBD1H@Z) 외부 기호(참조 위치: "public: float & __thiscall cv::Mat::at<float>(int)" (??$at@M@Mat@cv@@QAEAAMH@Z) 함수)에서 확인하지 못했습니다.
     1>SelectiveVideoCompensatorDlg.obj : error LNK2019: "public: __thiscall cv::Mat::Mat(class cv::Mat const &,class cv::Rect_<int> const &)" (??0Mat@cv@@QAE@ABV01@ABV?$Rect_@H@1@@Z) 외부 기호(참조 위치: "public: class cv::Mat __thiscall cv::Mat::operator()(class cv::Rect_<int> const &)const " (??RMat@cv@@QBE?AV01@ABV?$Rect_@H@1@@Z) 함수)에서 확인하지 못했습니다.
     1>SelectiveVideoCompensatorDlg.obj : error LNK2019: "public: void __thiscall cv::Mat::copyTo(class cv::_OutputArray const &)const " (?copyTo@Mat@cv@@QBEXABV_OutputArray@2@@Z) 외부 기호(참조 위치: "void __cdecl CallBackFunc(int,int,int,int,void *)" (?CallBackFunc@@YAXHHHHPAX@Z) 함수)에서 확인하지 못했습니다.
     1>SelectiveVideoCompensatorDlg.obj : error LNK2019: "public: class cv::Mat & __thiscall cv::Mat::operator=(class cv::Scalar_<double> const &)" (??4Mat@cv@@QAEAAV01@ABV?$Scalar_@N@1@@Z) 외부 기호(참조 위치: "public: __thiscall cv::Mat::Mat(int,int,int,class cv::Scalar_<double> const &)" (??0Mat@cv@@QAE@HHHABV?$Scalar_@N@1@@Z) 함수)에서 확인하지 못했습니다.
     1>SelectiveVideoCompensatorDlg.obj : error LNK2019: "public: void __thiscall cv::Mat::create(int,int const *,int)" (?create@Mat@cv@@QAEXHPBHH@Z) 외부 기호(참조 위치: "public: void __thiscall cv::Mat::create(int,int,int)" (?create@Mat@cv@@QAEXHHH@Z) 함수)에서 확인하지 못했습니다.
     1>SelectiveVideoCompensatorDlg.obj : error LNK2019: "public: void __thiscall cv::Mat::deallocate(void)" (?deallocate@Mat@cv@@QAEXXZ) 외부 기호(참조 위치: "public: void __thiscall cv::Mat::release(void)" (?release@Mat@cv@@QAEXXZ) 함수)에서 확인하지 못했습니다.
     1>SelectiveVideoCompensatorDlg.obj : error LNK2019: "public: void __thiscall cv::Mat::copySize(class cv::Mat const &)" (?copySize@Mat@cv@@QAEXABV12@@Z) 외부 기호(참조 위치: "public: __thiscall cv::Mat::Mat(class cv::Mat const &)" (??0Mat@cv@@QAE@ABV01@@Z) 함수)에서 확인하지 못했습니다.
     1>SelectiveVideoCompensatorDlg.obj : error LNK2019: "void __cdecl cv::normalize(class cv::_InputArray const &,class cv::_InputOutputArray const &,double,double,int,int,class cv::_InputArray const &)" (?normalize@cv@@YAXABV_InputArray@1@ABV_InputOutputArray@1@NNHH0@Z) 외부 기호(참조 위치: "public: void __thiscall CSelectiveVideoCompensatorDlg::ColorHistogram(int,class cv::Mat)" (?ColorHistogram@CSelectiveVideoCompensatorDlg@@QAEXHVMat@cv@@@Z) 함수)에서 확인하지 못했습니다.
     1>SelectiveVideoCompensatorDlg.obj : error LNK2019: "void __cdecl cv::merge(class cv::_InputArray const &,class cv::_OutputArray const &)" (?merge@cv@@YAXABV_InputArray@1@ABV_OutputArray@1@@Z) 외부 기호(참조 위치: "class cv::Mat __cdecl ImageCompensate(void)" (?ImageCompensate@@YA?AVMat@cv@@XZ) 함수)에서 확인하지 못했습니다.
     1>SelectiveVideoCompensatorDlg.obj : error LNK2019: "void __cdecl cv::split(class cv::_InputArray const &,class cv::_OutputArray const &)" (?split@cv@@YAXABV_InputArray@1@ABV_OutputArray@1@@Z) 외부 기호(참조 위치: "class cv::Mat __cdecl ImageCompensate(void)" (?ImageCompensate@@YA?AVMat@cv@@XZ) 함수)에서 확인하지 못했습니다.
     1>SelectiveVideoCompensatorDlg.obj : error LNK2019: "public: __thiscall _IplImage::_IplImage(class cv::Mat const &)" (??0_IplImage@@QAE@ABVMat@cv@@@Z) 외부 기호(참조 위치: "public: void __thiscall CSelectiveVideoCompensatorDlg::DisplayImage(int,class cv::Mat)" (?DisplayImage@CSelectiveVideoCompensatorDlg@@QAEXHVMat@cv@@@Z) 함수)에서 확인하지 못했습니다.
     1>SelectiveVideoCompensatorDlg.obj : error LNK2019: _cvCreateImage 외부 기호(참조 위치: "public: void __thiscall CSelectiveVideoCompensatorDlg::DisplayImage(int,class cv::Mat)" (?DisplayImage@CSelectiveVideoCompensatorDlg@@QAEXHVMat@cv@@@Z) 함수)에서 확인하지 못했습니다.
     1>SelectiveVideoCompensatorDlg.obj : error LNK2019: _cvReleaseImage 외부 기호(참조 위치: "public: void __thiscall CSelectiveVideoCompensatorDlg::DisplayImage(int,class cv::Mat)" (?DisplayImage@CSelectiveVideoCompensatorDlg@@QAEXHVMat@cv@@@Z) 함수)에서 확인하지 못했습니다.
     1>SelectiveVideoCompensatorDlg.obj : error LNK2019: _cvCloneImage 외부 기호(참조 위치: "public: void __thiscall CSelectiveVideoCompensatorDlg::DisplayImage(int,class cv::Mat)" (?DisplayImage@CSelectiveVideoCompensatorDlg@@QAEXHVMat@cv@@@Z) 함수)에서 확인하지 못했습니다.
     1>SelectiveVideoCompensatorDlg.obj : error LNK2019: "void __cdecl cv::calcHist(class cv::Mat const *,int,int const *,class cv::_InputArray const &,class cv::_OutputArray const &,int,int const *,float const * *,bool,bool)" (?calcHist@cv@@YAXPBVMat@1@HPBHABV_InputArray@1@ABV_OutputArray@1@H1PAPBM_N5@Z) 외부 기호(참조 위치: "public: void __thiscall CSelectiveVideoCompensatorDlg::ColorHistogram(int,class cv::Mat)" (?ColorHistogram@CSelectiveVideoCompensatorDlg@@QAEXHVMat@cv@@@Z) 함수)에서 확인하지 못했습니다.
     1>SelectiveVideoCompensatorDlg.obj : error LNK2019: "void __cdecl cv::equalizeHist(class cv::_InputArray const &,class cv::_OutputArray const &)" (?equalizeHist@cv@@YAXABV_InputArray@1@ABV_OutputArray@1@@Z) 외부 기호(참조 위치: "class cv::Mat __cdecl ImageCompensate(void)" (?ImageCompensate@@YA?AVMat@cv@@XZ) 함수)에서 확인하지 못했습니다.
     1>SelectiveVideoCompensatorDlg.obj : error LNK2019: "void __cdecl cv::cvtColor(class cv::_InputArray const &,class cv::_OutputArray const &,int,int)" (?cvtColor@cv@@YAXABV_InputArray@1@ABV_OutputArray@1@HH@Z) 외부 기호(참조 위치: "public: void __thiscall CSelectiveVideoCompensatorDlg::GreyHistogram(int,class cv::Mat)" (?GreyHistogram@CSelectiveVideoCompensatorDlg@@QAEXHVMat@cv@@@Z) 함수)에서 확인하지 못했습니다.
     1>SelectiveVideoCompensatorDlg.obj : error LNK2019: "void __cdecl cv::line(class cv::_InputOutputArray const &,class cv::Point_<int>,class cv::Point_<int>,class cv::Scalar_<double> const &,int,int,int)" (?line@cv@@YAXABV_InputOutputArray@1@V?$Point_@H@1@1ABV?$Scalar_@N@1@HHH@Z) 외부 기호(참조 위치: "public: void __thiscall CSelectiveVideoCompensatorDlg::ColorHistogram(int,class cv::Mat)" (?ColorHistogram@CSelectiveVideoCompensatorDlg@@QAEXHVMat@cv@@@Z) 함수)에서 확인하지 못했습니다.
     1>SelectiveVideoCompensatorDlg.obj : error LNK2019: "void __cdecl cv::rectangle(class cv::Mat &,class cv::Rect_<int>,class cv::Scalar_<double> const &,int,int,int)" (?rectangle@cv@@YAXAAVMat@1@V?$Rect_@H@1@ABV?$Scalar_@N@1@HHH@Z) 외부 기호(참조 위치: "public: void __thiscall CSelectiveVideoCompensatorDlg::OnFileOpen(void)" (?OnFileOpen@CSelectiveVideoCompensatorDlg@@QAEXXZ) 함수)에서 확인하지 못했습니다.
     1>SelectiveVideoCompensatorDlg.obj : error LNK2019: _cvCvtColor 외부 기호(참조 위치: "public: void __thiscall CSelectiveVideoCompensatorDlg::DisplayImage(int,class cv::Mat)" (?DisplayImage@CSelectiveVideoCompensatorDlg@@QAEXHVMat@cv@@@Z) 함수)에서 확인하지 못했습니다.
     1>SelectiveVideoCompensatorDlg.obj : error LNK2019: "public: __thiscall cv::VideoCapture::VideoCapture(void)" (??0VideoCapture@cv@@QAE@XZ) 외부 기호(참조 위치: "public: __thiscall CSelectiveVideoCompensatorDlg::CSelectiveVideoCompensatorDlg(class CWnd *)" (??0CSelectiveVideoCompensatorDlg@@QAE@PAVCWnd@@@Z) 함수)에서 확인하지 못했습니다.
     1>SelectiveVideoCompensatorDlg.obj : error LNK2019: "public: __thiscall cv::VideoWriter::VideoWriter(void)" (??0VideoWriter@cv@@QAE@XZ) 외부 기호(참조 위치: "public: __thiscall CSelectiveVideoCompensatorDlg::CSelectiveVideoCompensatorDlg(class CWnd *)" (??0CSelectiveVideoCompensatorDlg@@QAE@PAVCWnd@@@Z) 함수)에서 확인하지 못했습니다.
     1>SelectiveVideoCompensatorDlg.obj : error LNK2019: "void __cdecl cv::namedWindow(class cv::String const &,int)" (?namedWindow@cv@@YAXABVString@1@H@Z) 외부 기호(참조 위치: "public: void __thiscall CSelectiveVideoCompensatorDlg::OnEditBoundary(void)" (?OnEditBoundary@CSelectiveVideoCompensatorDlg@@QAEXXZ) 함수)에서 확인하지 못했습니다.
     1>SelectiveVideoCompensatorDlg.obj : error LNK2019: "void __cdecl cv::imshow(class cv::String const &,class cv::_InputArray const &)" (?imshow@cv@@YAXABVString@1@ABV_InputArray@1@@Z) 외부 기호(참조 위치: "public: void __thiscall CSelectiveVideoCompensatorDlg::OnFileOpen(void)" (?OnFileOpen@CSelectiveVideoCompensatorDlg@@QAEXXZ) 함수)에서 확인하지 못했습니다.
     1>SelectiveVideoCompensatorDlg.obj : error LNK2019: "void __cdecl cv::resizeWindow(class cv::String const &,int,int)" (?resizeWindow@cv@@YAXABVString@1@HH@Z) 외부 기호(참조 위치: "void __cdecl CallBackFunc(int,int,int,int,void *)" (?CallBackFunc@@YAXHHHHPAX@Z) 함수)에서 확인하지 못했습니다.
     1>SelectiveVideoCompensatorDlg.obj : error LNK2019: "void __cdecl cv::setMouseCallback(class cv::String const &,void (__cdecl*)(int,int,int,int,void *),void *)" (?setMouseCallback@cv@@YAXABVString@1@P6AXHHHHPAX@Z1@Z) 외부 기호(참조 위치: "public: void __thiscall CSelectiveVideoCompensatorDlg::OnEditBoundary(void)" (?OnEditBoundary@CSelectiveVideoCompensatorDlg@@QAEXXZ) 함수)에서 확인하지 못했습니다.
     1>SelectiveVideoCompensatorDlg.obj : error LNK2019: _cvDestroyWindow 외부 기호(참조 위치: "public: void __thiscall CSelectiveVideoCompensatorDlg::OnBnClickedStart(void)" (?OnBnClickedStart@CSelectiveVideoCompensatorDlg@@QAEXXZ) 함수)에서 확인하지 못했습니다.
     1>C:\Users\hyunSo\Desktop\SelectiveVideoCompensator\Debug\SelectiveVideoCompensator.exe : fatal error LNK1120: 32개의 확인할 수 없는 외부 참조입니다.
     1>"C:\Users\hyunSo\Desktop\SelectiveVideoCompensator\SelectiveVideoCompensator\SelectiveVideoCompensator.vcxproj" 프로젝트를 빌드했습니다(Rebuild 대상). - 실패

빌드하지 못했습니다.

경과 시간: 00:00:07.36
