C:\USERS\HYUNSO\DESKTOP\SELECTIVEVIDEOCOMPENSATOR\SELECTIVEVIDEOCOMPENSATOR\DEBUG\SELECTIVEVIDEOCOMPENSATOR.PCH
C:\USERS\HYUNSO\DESKTOP\SELECTIVEVIDEOCOMPENSATOR\SELECTIVEVIDEOCOMPENSATOR\DEBUG\STDAFX.OBJ
C:\USERS\HYUNSO\DESKTOP\SELECTIVEVIDEOCOMPENSATOR\SELECTIVEVIDEOCOMPENSATOR\DEBUG\VC110.PDB
C:\USERS\HYUNSO\DESKTOP\SELECTIVEVIDEOCOMPENSATOR\SELECTIVEVIDEOCOMPENSATOR\DEBUG\SELECTIVEVIDEOCOMPENSATOR.OBJ
C:\USERS\HYUNSO\DESKTOP\SELECTIVEVIDEOCOMPENSATOR\SELECTIVEVIDEOCOMPENSATOR\DEBUG\SELECTIVEVIDEOCOMPENSATORDLG.OBJ
C:\USERS\HYUNSO\DESKTOP\SELECTIVEVIDEOCOMPENSATOR\DEBUG\SELECTIVEVIDEOCOMPENSATOR.ILK
C:\USERS\HYUNSO\DESKTOP\SELECTIVEVIDEOCOMPENSATOR\DEBUG\SELECTIVEVIDEOCOMPENSATOR.EXE
C:\USERS\HYUNSO\DESKTOP\SELECTIVEVIDEOCOMPENSATOR\DEBUG\SELECTIVEVIDEOCOMPENSATOR.PDB
C:\USERS\HYUNSO\DESKTOP\SELECTIVEVIDEOCOMPENSATOR\SELECTIVEVIDEOCOMPENSATOR\DEBUG\SELECTIVEVIDEOCOMPENSATOR.RES
C:\Users\hyunSo\Desktop\SelectiveVideoCompensator\SelectiveVideoCompensator\Debug\SelectiveVideoCompensator.obj
C:\Users\hyunSo\Desktop\SelectiveVideoCompensator\SelectiveVideoCompensator\Debug\stdafx.obj
C:\Users\hyunSo\Desktop\SelectiveVideoCompensator\SelectiveVideoCompensator\Debug\cl.command.1.tlog
C:\Users\hyunSo\Desktop\SelectiveVideoCompensator\SelectiveVideoCompensator\Debug\CL.read.1.tlog
C:\Users\hyunSo\Desktop\SelectiveVideoCompensator\SelectiveVideoCompensator\Debug\CL.write.1.tlog
C:\Users\hyunSo\Desktop\SelectiveVideoCompensator\SelectiveVideoCompensator\Debug\link-cvtres.read.1.tlog
C:\Users\hyunSo\Desktop\SelectiveVideoCompensator\SelectiveVideoCompensator\Debug\link-cvtres.write.1.tlog
C:\Users\hyunSo\Desktop\SelectiveVideoCompensator\SelectiveVideoCompensator\Debug\link-mt.read.1.tlog
C:\Users\hyunSo\Desktop\SelectiveVideoCompensator\SelectiveVideoCompensator\Debug\link-mt.write.1.tlog
C:\Users\hyunSo\Desktop\SelectiveVideoCompensator\SelectiveVideoCompensator\Debug\link-rc.read.1.tlog
C:\Users\hyunSo\Desktop\SelectiveVideoCompensator\SelectiveVideoCompensator\Debug\link-rc.write.1.tlog
C:\Users\hyunSo\Desktop\SelectiveVideoCompensator\SelectiveVideoCompensator\Debug\link.104240-cvtres.read.1.tlog
C:\Users\hyunSo\Desktop\SelectiveVideoCompensator\SelectiveVideoCompensator\Debug\link.104240-cvtres.write.1.tlog
C:\Users\hyunSo\Desktop\SelectiveVideoCompensator\SelectiveVideoCompensator\Debug\link.104240-mt.read.1.tlog
C:\Users\hyunSo\Desktop\SelectiveVideoCompensator\SelectiveVideoCompensator\Debug\link.104240-mt.write.1.tlog
C:\Users\hyunSo\Desktop\SelectiveVideoCompensator\SelectiveVideoCompensator\Debug\link.104240-rc.read.1.tlog
C:\Users\hyunSo\Desktop\SelectiveVideoCompensator\SelectiveVideoCompensator\Debug\link.104240-rc.write.1.tlog
C:\Users\hyunSo\Desktop\SelectiveVideoCompensator\SelectiveVideoCompensator\Debug\link.104240.read.1.tlog
C:\Users\hyunSo\Desktop\SelectiveVideoCompensator\SelectiveVideoCompensator\Debug\link.104240.write.1.tlog
C:\Users\hyunSo\Desktop\SelectiveVideoCompensator\SelectiveVideoCompensator\Debug\link.106252-cvtres.read.1.tlog
C:\Users\hyunSo\Desktop\SelectiveVideoCompensator\SelectiveVideoCompensator\Debug\link.106252-cvtres.write.1.tlog
C:\Users\hyunSo\Desktop\SelectiveVideoCompensator\SelectiveVideoCompensator\Debug\link.106252-mt.read.1.tlog
C:\Users\hyunSo\Desktop\SelectiveVideoCompensator\SelectiveVideoCompensator\Debug\link.106252-mt.write.1.tlog
C:\Users\hyunSo\Desktop\SelectiveVideoCompensator\SelectiveVideoCompensator\Debug\link.106252-rc.read.1.tlog
C:\Users\hyunSo\Desktop\SelectiveVideoCompensator\SelectiveVideoCompensator\Debug\link.106252-rc.write.1.tlog
C:\Users\hyunSo\Desktop\SelectiveVideoCompensator\SelectiveVideoCompensator\Debug\link.106252.read.1.tlog
C:\Users\hyunSo\Desktop\SelectiveVideoCompensator\SelectiveVideoCompensator\Debug\link.106252.write.1.tlog
C:\Users\hyunSo\Desktop\SelectiveVideoCompensator\SelectiveVideoCompensator\Debug\link.109252-cvtres.read.1.tlog
C:\Users\hyunSo\Desktop\SelectiveVideoCompensator\SelectiveVideoCompensator\Debug\link.109252-cvtres.write.1.tlog
C:\Users\hyunSo\Desktop\SelectiveVideoCompensator\SelectiveVideoCompensator\Debug\link.109252-mt.read.1.tlog
C:\Users\hyunSo\Desktop\SelectiveVideoCompensator\SelectiveVideoCompensator\Debug\link.109252-mt.write.1.tlog
C:\Users\hyunSo\Desktop\SelectiveVideoCompensator\SelectiveVideoCompensator\Debug\link.109252-rc.read.1.tlog
C:\Users\hyunSo\Desktop\SelectiveVideoCompensator\SelectiveVideoCompensator\Debug\link.109252-rc.write.1.tlog
C:\Users\hyunSo\Desktop\SelectiveVideoCompensator\SelectiveVideoCompensator\Debug\link.109252.read.1.tlog
C:\Users\hyunSo\Desktop\SelectiveVideoCompensator\SelectiveVideoCompensator\Debug\link.109252.write.1.tlog
C:\Users\hyunSo\Desktop\SelectiveVideoCompensator\SelectiveVideoCompensator\Debug\link.49068-cvtres.read.1.tlog
C:\Users\hyunSo\Desktop\SelectiveVideoCompensator\SelectiveVideoCompensator\Debug\link.49068-cvtres.write.1.tlog
C:\Users\hyunSo\Desktop\SelectiveVideoCompensator\SelectiveVideoCompensator\Debug\link.49068-mt.read.1.tlog
C:\Users\hyunSo\Desktop\SelectiveVideoCompensator\SelectiveVideoCompensator\Debug\link.49068-mt.write.1.tlog
C:\Users\hyunSo\Desktop\SelectiveVideoCompensator\SelectiveVideoCompensator\Debug\link.49068-rc.read.1.tlog
C:\Users\hyunSo\Desktop\SelectiveVideoCompensator\SelectiveVideoCompensator\Debug\link.49068-rc.write.1.tlog
C:\Users\hyunSo\Desktop\SelectiveVideoCompensator\SelectiveVideoCompensator\Debug\link.49068.read.1.tlog
C:\Users\hyunSo\Desktop\SelectiveVideoCompensator\SelectiveVideoCompensator\Debug\link.49068.write.1.tlog
C:\Users\hyunSo\Desktop\SelectiveVideoCompensator\SelectiveVideoCompensator\Debug\link.7468-cvtres.read.1.tlog
C:\Users\hyunSo\Desktop\SelectiveVideoCompensator\SelectiveVideoCompensator\Debug\link.7468-cvtres.write.1.tlog
C:\Users\hyunSo\Desktop\SelectiveVideoCompensator\SelectiveVideoCompensator\Debug\link.7468-mt.read.1.tlog
C:\Users\hyunSo\Desktop\SelectiveVideoCompensator\SelectiveVideoCompensator\Debug\link.7468-mt.write.1.tlog
C:\Users\hyunSo\Desktop\SelectiveVideoCompensator\SelectiveVideoCompensator\Debug\link.7468-rc.read.1.tlog
C:\Users\hyunSo\Desktop\SelectiveVideoCompensator\SelectiveVideoCompensator\Debug\link.7468-rc.write.1.tlog
C:\Users\hyunSo\Desktop\SelectiveVideoCompensator\SelectiveVideoCompensator\Debug\link.7468.read.1.tlog
C:\Users\hyunSo\Desktop\SelectiveVideoCompensator\SelectiveVideoCompensator\Debug\link.7468.write.1.tlog
C:\Users\hyunSo\Desktop\SelectiveVideoCompensator\SelectiveVideoCompensator\Debug\link.command.1.tlog
C:\Users\hyunSo\Desktop\SelectiveVideoCompensator\SelectiveVideoCompensator\Debug\link.read.1.tlog
C:\Users\hyunSo\Desktop\SelectiveVideoCompensator\SelectiveVideoCompensator\Debug\link.write.1.tlog
C:\Users\hyunSo\Desktop\SelectiveVideoCompensator\SelectiveVideoCompensator\Debug\rc.command.1.tlog
C:\Users\hyunSo\Desktop\SelectiveVideoCompensator\SelectiveVideoCompensator\Debug\rc.read.1.tlog
C:\Users\hyunSo\Desktop\SelectiveVideoCompensator\SelectiveVideoCompensator\Debug\rc.write.1.tlog
C:\Users\hyunSo\Desktop\SelectiveVideoCompensator\SelectiveVideoCompensator\Debug\SelectiveVideoCompensator.res
C:\Users\hyunSo\Desktop\SelectiveVideoCompensator\SelectiveVideoCompensator\Debug\SelectiveVideoCompensator.pch
C:\Users\hyunSo\Desktop\SelectiveVideoCompensator\SelectiveVideoCompensator\Debug\vc110.idb
C:\Users\hyunSo\Desktop\SelectiveVideoCompensator\SelectiveVideoCompensator\Debug\vc110.pdb
C:\Users\hyunSo\Desktop\SelectiveVideoCompensator\Debug\SelectiveVideoCompensator.pdb
C:\Users\hyunSo\Desktop\SelectiveVideoCompensator\Debug\SelectiveVideoCompensator.exe
C:\Users\hyunSo\Desktop\SelectiveVideoCompensator\Debug\SelectiveVideoCompensator.ilk
